[debug] [2022-11-23T08:59:16.286Z] ----------------------------------------------------------------------
[debug] [2022-11-23T08:59:16.287Z] Command:       C:\Program Files\nodejs\node.exe C:\Users\Yudha\AppData\Roaming\npm\node_modules\firebase-tools\lib\bin\firebase.js init
[debug] [2022-11-23T08:59:16.288Z] CLI Version:   11.8.1
[debug] [2022-11-23T08:59:16.288Z] Platform:      win32
[debug] [2022-11-23T08:59:16.288Z] Node Version:  v16.16.0
[debug] [2022-11-23T08:59:16.289Z] Time:          Wed Nov 23 2022 15:59:16 GMT+0700 (Western Indonesia Time)
[debug] [2022-11-23T08:59:16.289Z] ----------------------------------------------------------------------
[debug] 
[debug] [2022-11-23T08:59:16.296Z] > command requires scopes: ["email","openid","https://www.googleapis.com/auth/cloudplatformprojects.readonly","https://www.googleapis.com/auth/firebase","https://www.googleapis.com/auth/cloud-platform"]
[debug] [2022-11-23T08:59:16.296Z] > authorizing via signed-in user (yamashitataiki123@gmail.com)
[info] 
     ######## #### ########  ######## ########     ###     ######  ########
     ##        ##  ##     ## ##       ##     ##  ##   ##  ##       ##
     ######    ##  ########  ######   ########  #########  ######  ######
     ##        ##  ##    ##  ##       ##     ## ##     ##       ## ##
     ##       #### ##     ## ######## ########  ##     ##  ######  ########

You're about to initialize a Firebase project in this directory:

  D:\Programming\WebDev\important-quiz

[info] 
=== Project Setup
[info] 
[info] First, let's associate this project directory with a Firebase project.
[info] You can create multiple project aliases by running firebase use --add, 
[info] but for now we'll just set up a default project.
[info] 
[debug] [2022-11-23T08:59:40.756Z] > refreshing access token with scopes: []
[debug] [2022-11-23T08:59:40.758Z] >>> [apiv2][query] POST https://www.googleapis.com/oauth2/v3/token [none]
[debug] [2022-11-23T08:59:40.758Z] >>> [apiv2][body] POST https://www.googleapis.com/oauth2/v3/token [omitted]
[debug] [2022-11-23T08:59:40.959Z] <<< [apiv2][status] POST https://www.googleapis.com/oauth2/v3/token 200
[debug] [2022-11-23T08:59:40.959Z] <<< [apiv2][body] POST https://www.googleapis.com/oauth2/v3/token [omitted]
[debug] [2022-11-23T08:59:40.972Z] >>> [apiv2][query] GET https://firebase.googleapis.com/v1beta1/projects pageSize=100
[debug] [2022-11-23T08:59:41.681Z] <<< [apiv2][status] GET https://firebase.googleapis.com/v1beta1/projects 200
[debug] [2022-11-23T08:59:41.682Z] <<< [apiv2][body] GET https://firebase.googleapis.com/v1beta1/projects [omitted]
